#
# A fatal error has been detected by the Java Runtime Environment:
#
#  SIGILL (0x4) at pc=0x00007f89d80a4b28, pid=3059, tid=140229253764864
#
# JRE version: OpenJDK Runtime Environment (7.0_55-b14) (build 1.7.0_55-b14)
# Java VM: OpenJDK 64-Bit Server VM (24.51-b03 mixed mode linux-amd64 compressed oops)
# Problematic frame:
# J  scala.reflect.internal.Symbols$Symbol.validTo()I
#
# Failed to write core dump. Core dumps have been disabled. To enable core dumping, try "ulimit -c unlimited" before starting Java again
#
# If you would like to submit a bug report, please include
# instructions on how to reproduce the bug and visit:
#   http://icedtea.classpath.org/bugzilla
#

---------------  T H R E A D  ---------------

Current thread (0x0000000001a28800):  JavaThread "pool-4-thread-3" [_thread_in_Java, id=3091, stack(0x00007f89aacb9000,0x00007f89aadba000)]

siginfo:si_signo=SIGILL: si_errno=0, si_code=2 (ILL_ILLOPN), si_addr=0x00007f89d80a4b28

Registers:
RAX=0x00000000f17a3e80, RBX=0x00000000b102c270, RCX=0x00000000b1101050, RDX=0x0000000070000001
RSP=0x00007f89aadb1fc8, RBP=0x0000000000000004, RSI=0x00000000f36ccf60, RDI=0x00000000b13e5358
R8 =0x00000000f36cd048, R9 =0x0000000000000104, R10=0x0000000000000001, R11=0x00000000f17a3e80
R12=0x0000000000000000, R13=0x00007f89aadb2088, R14=0x0000000000000000, R15=0x0000000001a28800
RIP=0x00007f89d80a4b28, EFLAGS=0x0000000000010206, CSGSFS=0x0000000000000033, ERR=0x0000000000000000
  TRAPNO=0x0000000000000006

Top of Stack: (sp=0x00007f89aadb1fc8)
0x00007f89aadb1fc8:   00007f89d81cfe3c 00000000f36ccf60
0x00007f89aadb1fd8:   00000104f36cd048 00000000b1101050
0x00007f89aadb1fe8:   00000000f36cd048 00000000b2cec430
0x00007f89aadb1ff8:   0000000000000000 00007f89aadb2028
0x00007f89aadb2008:   00007f89aadb2090 0000000000000004
0x00007f89aadb2018:   00007f89d81cfe3c 00000000b1101050
0x00007f89aadb2028:   00007f89d81ae380 00000000b1101050
0x00007f89aadb2038:   00000000f36ccf60 00000000f18c33d8
0x00007f89aadb2048:   00000000f3541bc0 00000000fab00f40
0x00007f89aadb2058:   00000000b2cebc87 00007f89aadb20d8
0x00007f89aadb2068:   00007f89d8006350 00007f89aadb20d8
0x00007f89aadb2078:   00007f89d8006233 00007f89d8006233
0x00007f89aadb2088:   00000000f36ccf60 00000000f36cd138
0x00007f89aadb2098:   00007f89aadb2098 00000000b13f43ec
0x00007f89aadb20a8:   00007f89aadb20f0 00000000b13f47d8
0x00007f89aadb20b8:   0000000000000000 00000000b13f4420
0x00007f89aadb20c8:   00007f89aadb2088 00007f89aadb20e8
0x00007f89aadb20d8:   00007f89aadb2138 00007f89d8006233
0x00007f89aadb20e8:   00000000f35df7d0 00000000f36cd138
0x00007f89aadb20f8:   00007f89aadb20f8 00000000b13f11fa
0x00007f89aadb2108:   00007f89aadb2150 00000000b14c6cd0
0x00007f89aadb2118:   0000000000000000 00000000b13f1220
0x00007f89aadb2128:   00007f89aadb20e8 00007f89aadb2148
0x00007f89aadb2138:   00007f89aadb2198 00007f89d8006233
0x00007f89aadb2148:   00000000f35df7d0 00000000f36cd138
0x00007f89aadb2158:   00007f89aadb2158 00000000b13da698
0x00007f89aadb2168:   00007f89aadb21b0 00000000b13dad28
0x00007f89aadb2178:   0000000000000000 00000000b13da6c0
0x00007f89aadb2188:   00007f89aadb2148 00007f89aadb21a8
0x00007f89aadb2198:   00007f89aadb21f8 00007f89d8006233
0x00007f89aadb21a8:   00000000f35df7d0 00000000f797fcb8
0x00007f89aadb21b8:   00007f89aadb21b8 00000000b11daf32 

Instructions: (pc=0x00007f89d80a4b28)
0x00007f89d80a4b08:   85 53 2e f9 ff 66 66 90 48 81 ec 18 00 00 00 48
0x00007f89d80a4b18:   89 6c 24 10 8b 46 1c 48 83 c4 10 5d 85 05 d6 f4
0x00007f89d80a4b28:   c4 10 c3 f4 f4 f4 f4 f4 f4 f4 f4 f4 f4 f4 f4 f4
0x00007f89d80a4b38:   f4 f4 f4 f4 f4 f4 f4 f4 e9 5b a7 fb ff e8 00 00 

Register to memory mapping:

RAX=0x00000000f17a3e80 is an oop
xsbt.CachedCompiler0$Compiler 
 - klass: 'xsbt/CachedCompiler0$Compiler'
RBX=0x00000000b102c270 is an oop
{method} 
 - klass: {other class}
RCX=0x00000000b1101050 is an oop
{instance class} 
 - klass: {other class}
RDX=0x0000000070000001 is an unknown value
RSP=0x00007f89aadb1fc8 is pointing into the stack for thread: 0x0000000001a28800
RBP=0x0000000000000004 is an unknown value
RSI=0x00000000f36ccf60 is an oop
scala.reflect.internal.Symbols$ClassSymbol 
 - klass: 'scala/reflect/internal/Symbols$ClassSymbol'
RDI=0x00000000b13e5358 is an oop
{instance class} 
 - klass: {other class}
R8 =0x00000000f36cd048 is an oop
scala.reflect.internal.Symbols$TypeHistory 
 - klass: 'scala/reflect/internal/Symbols$TypeHistory'
R9 =0x0000000000000104 is an unknown value
R10=0x0000000000000001 is an unknown value
R11=0x00000000f17a3e80 is an oop
xsbt.CachedCompiler0$Compiler 
 - klass: 'xsbt/CachedCompiler0$Compiler'
R12=0x0000000000000000 is an unknown value
R13=0x00007f89aadb2088 is pointing into the stack for thread: 0x0000000001a28800
R14=0x0000000000000000 is an unknown value
R15=0x0000000001a28800 is a thread


Stack: [0x00007f89aacb9000,0x00007f89aadba000],  sp=0x00007f89aadb1fc8,  free space=995k
Native frames: (J=compiled Java code, j=interpreted, Vv=VM code, C=native code)
J  scala.reflect.internal.Symbols$Symbol.validTo()I


---------------  P R O C E S S  ---------------

Java Threads: ( => current thread )
  0x00007f89a0013000 JavaThread "pool-4-thread-4" [_thread_blocked, id=3092, stack(0x00007f89aaab7000,0x00007f89aabb8000)]
=>0x0000000001a28800 JavaThread "pool-4-thread-3" [_thread_in_Java, id=3091, stack(0x00007f89aacb9000,0x00007f89aadba000)]
  0x00007f89e06c4000 JavaThread "pool-4-thread-2" [_thread_blocked, id=3090, stack(0x00007f89aadba000,0x00007f89aaebb000)]
  0x00007f89e06c3800 JavaThread "pool-4-thread-1" [_thread_blocked, id=3089, stack(0x00007f89aabb8000,0x00007f89aacb9000)]
  0x00007f89e0791000 JavaThread "process reaper" daemon [_thread_blocked, id=3072, stack(0x00007f89aafc1000,0x00007f89aaffa000)]
  0x00007f89e0128800 JavaThread "Service Thread" daemon [_thread_blocked, id=3069, stack(0x00007f89d4b01000,0x00007f89d4c02000)]
  0x00007f89e0126800 JavaThread "C2 CompilerThread1" daemon [_thread_in_vm, id=3068, stack(0x00007f89d4c02000,0x00007f89d4d03000)]
  0x00007f89e0123800 JavaThread "C2 CompilerThread0" daemon [_thread_in_native, id=3067, stack(0x00007f89d4d03000,0x00007f89d4e04000)]
  0x00007f89e0121800 JavaThread "Signal Dispatcher" daemon [_thread_blocked, id=3066, stack(0x00007f89d4e04000,0x00007f89d4f05000)]
  0x00007f89e00fe800 JavaThread "Finalizer" daemon [_thread_blocked, id=3065, stack(0x00007f89d56fb000,0x00007f89d57fc000)]
  0x00007f89e00fc800 JavaThread "Reference Handler" daemon [_thread_blocked, id=3064, stack(0x00007f89e402b000,0x00007f89e412c000)]
  0x00007f89e000a000 JavaThread "main" [_thread_blocked, id=3060, stack(0x00007f89e8bd5000,0x00007f89e8cd6000)]

Other Threads:
  0x00007f89e00f8000 VMThread [stack: 0x00007f89e412c000,0x00007f89e422d000] [id=3063]
  0x00007f89e0133800 WatcherThread [stack: 0x00007f89d4a00000,0x00007f89d4b01000] [id=3070]

VM state:not at safepoint (normal execution)

VM Mutex/Monitor currently owned by a thread:  ([mutex/lock_event])
[0x00007f89e0006e70] Compile_lock - owner thread: 0x00007f89e0126800

Heap
 PSYoungGen      total 306176K, used 242264K [0x00000000eaa80000, 0x0000000100000000, 0x0000000100000000)
  eden space 262656K, 81% used [0x00000000eaa80000,0x00000000f7bb06d8,0x00000000fab00000)
  from space 43520K, 64% used [0x00000000fab00000,0x00000000fc665c30,0x00000000fd580000)
  to   space 43520K, 0% used [0x00000000fd580000,0x00000000fd580000,0x0000000100000000)
 ParOldGen       total 699392K, used 0K [0x00000000bff80000, 0x00000000eaa80000, 0x00000000eaa80000)
  object space 699392K, 0% used [0x00000000bff80000,0x00000000bff80000,0x00000000eaa80000)
 PSPermGen       total 49152K, used 49130K [0x00000000aff80000, 0x00000000b2f80000, 0x00000000bff80000)
  object space 49152K, 99% used [0x00000000aff80000,0x00000000b2f7ab30,0x00000000b2f80000)

Card table byte_map: [0x00007f89e53d7000,0x00007f89e5658000] byte_map_base: 0x00007f89e4e57400

Polling page: 0x00007f89e8cf4000

Code Cache  [0x00007f89d8000000, 0x00007f89d82c0000, 0x00007f89e0000000)
 total_blobs=1693 nmethods=1340 adapters=305 free_code_cache=128459Kb largest_free_block=131354432

Compilation events (10 events):
Event: 62,401 Thread 0x00007f89e0123800 nmethod 1485 0x00007f89d81013d0 code [0x00007f89d8101500, 0x00007f89d8101558]
Event: 62,442 Thread 0x00007f89e0126800 nmethod 1483 0x00007f89d82b88d0 code [0x00007f89d82b8bc0, 0x00007f89d82b98c8]
Event: 62,483 Thread 0x00007f89e0123800 1486             scala.reflect.internal.Scopes$Scope::unlink (197 bytes)
Event: 62,490 Thread 0x00007f89e0126800 1487             scala.reflect.internal.Types$Type::findMember (1013 bytes)
Event: 62,547 Thread 0x00007f89e0123800 nmethod 1486 0x00007f89d82916d0 code [0x00007f89d8291860, 0x00007f89d8291bb8]
Event: 62,549 Thread 0x00007f89e0123800 1488             scala.tools.nsc.symtab.classfile.AbstractFileReader::nextInt (45 bytes)
Event: 62,567 Thread 0x00007f89e0123800 nmethod 1488 0x00007f89d8183d50 code [0x00007f89d8183ea0, 0x00007f89d8183f98]
Event: 62,569 Thread 0x00007f89e0123800 1489             scala.reflect.internal.Phase::equals (67 bytes)
Event: 62,578 Thread 0x00007f89e0123800 nmethod 1489 0x00007f89d819fbd0 code [0x00007f89d819fd20, 0x00007f89d819fe78]
Event: 62,580 Thread 0x00007f89e0123800 1490             scala.reflect.internal.Types$Type::baseTypeIndex (107 bytes)

GC Heap History (2 events):
Event: 20,504 GC heap before
{Heap before GC invocations=1 (full 0):
 PSYoungGen      total 306176K, used 262656K [0x00000000eaa80000, 0x0000000100000000, 0x0000000100000000)
  eden space 262656K, 100% used [0x00000000eaa80000,0x00000000fab00000,0x00000000fab00000)
  from space 43520K, 0% used [0x00000000fd580000,0x00000000fd580000,0x0000000100000000)
  to   space 43520K, 0% used [0x00000000fab00000,0x00000000fab00000,0x00000000fd580000)
 ParOldGen       total 699392K, used 0K [0x00000000bff80000, 0x00000000eaa80000, 0x00000000eaa80000)
  object space 699392K, 0% used [0x00000000bff80000,0x00000000bff80000,0x00000000eaa80000)
 PSPermGen       total 34816K, used 34642K [0x00000000aff80000, 0x00000000b2180000, 0x00000000bff80000)
  object space 34816K, 99% used [0x00000000aff80000,0x00000000b2154818,0x00000000b2180000)
Event: 20,613 GC heap after
Heap after GC invocations=1 (full 0):
 PSYoungGen      total 306176K, used 28055K [0x00000000eaa80000, 0x0000000100000000, 0x0000000100000000)
  eden space 262656K, 0% used [0x00000000eaa80000,0x00000000eaa80000,0x00000000fab00000)
  from space 43520K, 64% used [0x00000000fab00000,0x00000000fc665c30,0x00000000fd580000)
  to   space 43520K, 0% used [0x00000000fd580000,0x00000000fd580000,0x0000000100000000)
 ParOldGen       total 699392K, used 0K [0x00000000bff80000, 0x00000000eaa80000, 0x00000000eaa80000)
  object space 699392K, 0% used [0x00000000bff80000,0x00000000bff80000,0x00000000eaa80000)
 PSPermGen       total 34816K, used 34642K [0x00000000aff80000, 0x00000000b2180000, 0x00000000bff80000)
  object space 34816K, 99% used [0x00000000aff80000,0x00000000b2154818,0x00000000b2180000)
}

Deoptimization events (10 events):
Event: 62,299 Thread 0x0000000001a28800 Uncommon trap: reason=unreached action=reinterpret pc=0x00007f89d80d6468 method=scala.runtime.ScalaRunTime$.hash(Ljava/lang/Object;)I @ 12
Event: 62,321 Thread 0x0000000001a28800 Uncommon trap: reason=unreached action=reinterpret pc=0x00007f89d82a4a14 method=scala.reflect.internal.Types$TypeMap.mapOver(Lscala/reflect/internal/Types$Type;)Lscala/reflect/internal/Types$Type; @ 674
Event: 62,348 Thread 0x0000000001a28800 Uncommon trap: reason=unreached action=reinterpret pc=0x00007f89d8262640 method=scala.reflect.internal.Types$class.scala$reflect$internal$Types$$isSameType1(Lscala/reflect/internal/SymbolTable;Lscala/reflect/internal/Types$Type;Lscala/reflect/internal/Typ
Event: 62,351 Thread 0x0000000001a28800 Uncommon trap: reason=unreached action=reinterpret pc=0x00007f89d80d7e68 method=scala.runtime.ScalaRunTime$.hash(Ljava/lang/Object;)I @ 12
Event: 62,352 Thread 0x0000000001a28800 Uncommon trap: reason=unreached action=reinterpret pc=0x00007f89d81863e8 method=scala.collection.mutable.HashMap.put(Ljava/lang/Object;Ljava/lang/Object;)Lscala/Option; @ 11
Event: 62,395 Thread 0x0000000001a28800 Uncommon trap: reason=class_check action=maybe_recompile pc=0x00007f89d8278524 method=scala.collection.LinearSeqOptimized$class.sameElements(Lscala/collection/LinearSeqOptimized;Lscala/collection/GenIterable;)Z @ 159
Event: 62,420 Thread 0x0000000001a28800 Uncommon trap: reason=bimorphic action=maybe_recompile pc=0x00007f89d81ecd94 method=scala.reflect.internal.Types$Type.findDecl(Lscala/reflect/internal/Names$Name;I)Lscala/reflect/internal/Symbols$Symbol; @ 15
Event: 62,422 Thread 0x0000000001a28800 Uncommon trap: reason=bimorphic action=maybe_recompile pc=0x00007f89d81ecd94 method=scala.reflect.internal.Types$Type.findDecl(Lscala/reflect/internal/Names$Name;I)Lscala/reflect/internal/Symbols$Symbol; @ 15
Event: 62,521 Thread 0x0000000001a28800 Uncommon trap: reason=class_check action=maybe_recompile pc=0x00007f89d8287790 method=scala.reflect.internal.Types$SubstSymMap.apply(Lscala/reflect/internal/Types$Type;)Lscala/reflect/internal/Types$Type; @ 4
Event: 62,595 Thread 0x0000000001a28800 Uncommon trap: reason=class_check action=maybe_recompile pc=0x00007f89d8278524 method=scala.collection.LinearSeqOptimized$class.sameElements(Lscala/collection/LinearSeqOptimized;Lscala/collection/GenIterable;)Z @ 159

Internal exceptions (10 events):
Event: 51,558 Thread 0x0000000001a28800 Threw 0x00000000f4e12dc8 at /build/buildd/openjdk-7-7u55-2.4.7/build/openjdk/hotspot/src/share/vm/prims/jvm.cpp:1244
Event: 51,560 Thread 0x0000000001a28800 Threw 0x00000000f4e16ee0 at /build/buildd/openjdk-7-7u55-2.4.7/build/openjdk/hotspot/src/share/vm/prims/jvm.cpp:1244
Event: 51,560 Thread 0x0000000001a28800 Threw 0x00000000f4e17a80 at /build/buildd/openjdk-7-7u55-2.4.7/build/openjdk/hotspot/src/share/vm/prims/jvm.cpp:1244
Event: 51,560 Thread 0x0000000001a28800 Threw 0x00000000f4e18de8 at /build/buildd/openjdk-7-7u55-2.4.7/build/openjdk/hotspot/src/share/vm/prims/jvm.cpp:1244
Event: 51,561 Thread 0x0000000001a28800 Threw 0x00000000f4e1d9a0 at /build/buildd/openjdk-7-7u55-2.4.7/build/openjdk/hotspot/src/share/vm/prims/jvm.cpp:1244
Event: 51,562 Thread 0x0000000001a28800 Threw 0x00000000f4e1e550 at /build/buildd/openjdk-7-7u55-2.4.7/build/openjdk/hotspot/src/share/vm/prims/jvm.cpp:1244
Event: 51,562 Thread 0x0000000001a28800 Threw 0x00000000f4e1f8e8 at /build/buildd/openjdk-7-7u55-2.4.7/build/openjdk/hotspot/src/share/vm/prims/jvm.cpp:1244
Event: 51,563 Thread 0x0000000001a28800 Threw 0x00000000f4e23ee8 at /build/buildd/openjdk-7-7u55-2.4.7/build/openjdk/hotspot/src/share/vm/prims/jvm.cpp:1244
Event: 51,563 Thread 0x0000000001a28800 Threw 0x00000000f4e24a98 at /build/buildd/openjdk-7-7u55-2.4.7/build/openjdk/hotspot/src/share/vm/prims/jvm.cpp:1244
Event: 51,563 Thread 0x0000000001a28800 Threw 0x00000000f4e25e30 at /build/buildd/openjdk-7-7u55-2.4.7/build/openjdk/hotspot/src/share/vm/prims/jvm.cpp:1244

Events (10 events):
Event: 62,521 Thread 0x0000000001a28800 DEOPT UNPACKING pc=0x00007f89d8039045 sp=0x00007f89aadb41c0 mode 2
Event: 62,549 Thread 0x00007f89e0123800 flushing nmethod 0x00007f89d81cde50
Event: 62,568 Thread 0x00007f89e0123800 flushing nmethod 0x00007f89d81e5b90
Event: 62,568 Thread 0x00007f89e0123800 flushing nmethod 0x00007f89d81ead90
Event: 62,568 Thread 0x00007f89e0123800 flushing nmethod 0x00007f89d81efd50
Event: 62,569 Thread 0x00007f89e0123800 flushing nmethod 0x00007f89d8220dd0
Event: 62,579 Thread 0x00007f89e0123800 flushing nmethod 0x00007f89d8243a90
Event: 62,595 Thread 0x0000000001a28800 Uncommon trap: trap_request=0xffffffde fr.pc=0x00007f89d8278524
Event: 62,595 Thread 0x0000000001a28800 DEOPT PACKING pc=0x00007f89d8278524 sp=0x00007f89aadb4d50
Event: 62,595 Thread 0x0000000001a28800 DEOPT UNPACKING pc=0x00007f89d8039045 sp=0x00007f89aadb4cf8 mode 2


Dynamic libraries:
00400000-00401000 r-xp 00000000 08:04 2764966                            /usr/lib/jvm/java-7-openjdk-amd64/jre/bin/java
00600000-00601000 r--p 00000000 08:04 2764966                            /usr/lib/jvm/java-7-openjdk-amd64/jre/bin/java
00601000-00602000 rw-p 00001000 08:04 2764966                            /usr/lib/jvm/java-7-openjdk-amd64/jre/bin/java
01a13000-01a34000 rw-p 00000000 00:00 0                                  [heap]
aff80000-b2f80000 rw-p 00000000 00:00 0 
b2f80000-bff80000 rw-p 00000000 00:00 0 
bff80000-100000000 rw-p 00000000 00:00 0 
7f8994000000-7f8994577000 rw-p 00000000 00:00 0 
7f8994577000-7f8998000000 ---p 00000000 00:00 0 
7f899c000000-7f899c021000 rw-p 00000000 00:00 0 
7f899c021000-7f89a0000000 ---p 00000000 00:00 0 
7f89a0000000-7f89a0021000 rw-p 00000000 00:00 0 
7f89a0021000-7f89a4000000 ---p 00000000 00:00 0 
7f89a4000000-7f89a4021000 rw-p 00000000 00:00 0 
7f89a4021000-7f89a8000000 ---p 00000000 00:00 0 
7f89aa5c9000-7f89aa5d1000 r--s 0004b000 08:04 1443781                    /home/otrimegistro/.ivy2/cache/org.luaj/luaj-jse/jars/luaj-jse-3.0-beta2.jar
7f89aa5d1000-7f89aa5dc000 r--s 00088000 08:04 1443454                    /home/otrimegistro/.ivy2/cache/org.gnu/gnu-crypto/jars/gnu-crypto-2.0.1.jar
7f89aa5dc000-7f89aa5e0000 r--s 00032000 08:04 1443452                    /home/otrimegistro/.ivy2/cache/com.typesafe/config/bundles/config-1.2.1.jar
7f89aa5e0000-7f89aa615000 r--s 002da000 08:04 1184929                    /home/otrimegistro/.ivy2/cache/org.scala-lang/scala-reflect/jars/scala-reflect-2.10.3.jar
7f89aa615000-7f89aa619000 r--s 00037000 08:04 1443785                    /home/otrimegistro/.ivy2/cache/org.typelevel/scodec-bits_2.10/bundles/scodec-bits_2.10-1.0.0.jar
7f89aa619000-7f89aa632000 r--s 0010e000 08:04 921932                     /home/otrimegistro/.ivy2/cache/org.scalaz.stream/scalaz-stream_2.10/bundles/scalaz-stream_2.10-0.4.1a.jar
7f89aa632000-7f89aa63d000 r--s 0005e000 08:04 1443783                    /home/otrimegistro/.ivy2/cache/org.scalaz/scalaz-effect_2.10/bundles/scalaz-effect_2.10-7.1.0-M6.jar
7f89aa63d000-7f89aa646000 r--s 0004c000 08:04 1443778                    /home/otrimegistro/.ivy2/cache/org.scalaz/scalaz-concurrent_2.10/bundles/scalaz-concurrent_2.10-7.1.0-M6.jar
7f89aa646000-7f89aa6fb000 r--s 007e9000 08:04 1443776                    /home/otrimegistro/.ivy2/cache/org.scalaz/scalaz-core_2.10/bundles/scalaz-core_2.10-7.1.0-M6.jar
7f89aa6fb000-7f89aa709000 r--s 0010f000 08:04 2764997                    /usr/lib/jvm/java-7-openjdk-amd64/jre/lib/rhino.jar
7f89aa709000-7f89aa714000 r--s 00203000 08:04 2764975                    /usr/lib/jvm/java-7-openjdk-amd64/jre/lib/charsets.jar
7f89aa714000-7f89aa717000 r--s 00017000 08:04 2764976                    /usr/lib/jvm/java-7-openjdk-amd64/jre/lib/jce.jar
7f89aa717000-7f89aa720000 r--s 000b9000 08:04 2764985                    /usr/lib/jvm/java-7-openjdk-amd64/jre/lib/resources.jar
7f89aa720000-7f89aa725000 r--s 00036000 08:04 661535                     /home/otrimegistro/.sbt/boot/scala-2.10.4/org.scala-sbt/sbt/0.13.5/compiler-interface-bin_2.10.4/compiler-interface-bin-0.13.5.jar
7f89aa725000-7f89aa728000 ---p 00000000 00:00 0 
7f89aa728000-7f89aa826000 rw-p 00000000 00:00 0 
7f89aa826000-7f89aa829000 ---p 00000000 00:00 0 
7f89aa829000-7f89aa927000 rw-p 00000000 00:00 0 
7f89aa927000-7f89aa92f000 r--s 0006d000 08:04 1184784                    /home/otrimegistro/.ivy2/cache/org.scala-lang/scala-actors/jars/scala-actors-2.10.2.jar
7f89aa92f000-7f89aa931000 r--s 00002000 08:04 1443328                    /home/otrimegistro/.ivy2/cache/net.databinder/dispatch-futures_2.10/jars/dispatch-futures_2.10-0.8.10.jar
7f89aa931000-7f89aa935000 r--s 0001c000 08:04 1443273                    /home/otrimegistro/.ivy2/cache/net.databinder/dispatch-core_2.10/jars/dispatch-core_2.10-0.8.10.jar
7f89aa935000-7f89aa937000 r--s 00007000 08:04 1443267                    /home/otrimegistro/.ivy2/cache/net.databinder/dispatch-http_2.10/jars/dispatch-http_2.10-0.8.10.jar
7f89aa937000-7f89aa96e000 r--s 00226000 08:04 1443271                    /home/otrimegistro/.ivy2/cache/org.bouncycastle/bcprov-jdk15on/jars/bcprov-jdk15on-1.49.jar
7f89aa96e000-7f89aa975000 r--s 00036000 08:04 1443269                    /home/otrimegistro/.ivy2/cache/org.bouncycastle/bcpg-jdk15on/jars/bcpg-jdk15on-1.49.jar
7f89aa975000-7f89aa9e7000 r--s 0065a000 08:04 917794                     /home/otrimegistro/.ivy2/cache/org.scala-lang/scala-library/jars/scala-library-2.10.3.jar
7f89aa9e7000-7f89aa9ec000 r--s 00035000 08:04 1443265                    /home/otrimegistro/.ivy2/cache/com.jsuereth/gpg-library_2.10/jars/gpg-library_2.10-0.8.3.jar
7f89aa9ec000-7f89aa9f3000 r--s 0003c000 08:04 1443261                    /home/otrimegistro/.ivy2/cache/scala_2.10/sbt_0.13/com.typesafe.sbt/sbt-pgp/jars/sbt-pgp-0.8.3.jar
7f89aa9f3000-7f89aa9f9000 r--s 00033000 08:04 1443326                    /home/otrimegistro/.ivy2/cache/commons-codec/commons-codec/jars/commons-codec-1.6.jar
7f89aa9f9000-7f89aa9fb000 r--s 0000d000 08:04 1443324                    /home/otrimegistro/.ivy2/cache/commons-logging/commons-logging/jars/commons-logging-1.1.1.jar
7f89aa9fb000-7f89aaa01000 r--s 00032000 08:04 1443322                    /home/otrimegistro/.ivy2/cache/org.apache.httpcomponents/httpcore/jars/httpcore-4.2.5.jar
7f89aaa01000-7f89aaa0b000 r--s 00061000 08:04 1443320                    /home/otrimegistro/.ivy2/cache/org.apache.httpcomponents/httpclient/jars/httpclient-4.2.6.jar
7f89aaa0b000-7f89aaa10000 r--s 00023000 08:04 1443319                    /home/otrimegistro/.ivy2/cache/scala_2.10/sbt_0.13/org.xerial.sbt/sbt-sonatype/jars/sbt-sonatype-0.2.1.jar
7f89aaa10000-7f89aaa8f000 r--s 003c6000 08:04 1443259                    /home/otrimegistro/.ivy2/cache/scala_2.10/sbt_0.13/com.timushev.sbt/sbt-updates/jars/sbt-updates-0.1.6.jar
7f89aaa8f000-7f89aaa94000 r--s 0002a000 08:04 1443257                    /home/otrimegistro/.ivy2/cache/scala_2.10/sbt_0.13/com.github.gseitz/sbt-release/jars/sbt-release-0.8.3.jar
7f89aaa94000-7f89aaab5000 r--s 001a5000 08:04 1443263                    /home/otrimegistro/.ivy2/cache/org.scalariform/scalariform_2.10/jars/scalariform_2.10-0.1.4.jar
7f89aaab5000-7f89aaab7000 r--s 00006000 08:04 1443255                    /home/otrimegistro/.ivy2/cache/scala_2.10/sbt_0.13/com.typesafe.sbt/sbt-scalariform/jars/sbt-scalariform-1.3.0.jar
7f89aaab7000-7f89aaaba000 ---p 00000000 00:00 0 
7f89aaaba000-7f89aabb8000 rw-p 00000000 00:00 0                          [stack:3092]
7f89aabb8000-7f89aabbb000 ---p 00000000 00:00 0 
7f89aabbb000-7f89aacb9000 rw-p 00000000 00:00 0                          [stack:3089]
7f89aacb9000-7f89aacbc000 ---p 00000000 00:00 0 
7f89aacbc000-7f89aadba000 rw-p 00000000 00:00 0                          [stack:3091]
7f89aadba000-7f89aadbd000 ---p 00000000 00:00 0 
7f89aadbd000-7f89aaebb000 rw-p 00000000 00:00 0                          [stack:3090]
7f89aaebb000-7f89aaebe000 ---p 00000000 00:00 0 
7f89aaebe000-7f89aafbc000 rw-p 00000000 00:00 0 
7f89aafbc000-7f89aafc1000 r--s 0004c000 08:04 2764996                    /usr/lib/jvm/java-7-openjdk-amd64/jre/lib/jsse.jar
7f89aafc1000-7f89aafc4000 ---p 00000000 00:00 0 
7f89aafc4000-7f89aaffa000 rw-p 00000000 00:00 0                          [stack:3072]
7f89aaffa000-7f89ab001000 r--s 00000000 08:04 3016153                    /usr/lib/x86_64-linux-gnu/gconv/gconv-modules.cache
7f89ab001000-7f89ab027000 r--p 00000000 08:04 3280472                    /usr/share/locale-langpack/es/LC_MESSAGES/libc.mo
7f89ab027000-7f89ab029000 r--s 0000b000 08:04 661537                     /home/otrimegistro/.sbt/boot/scala-2.10.4/org.scala-sbt/sbt/0.13.5/xsbti/interface-0.13.5.jar
7f89ab029000-7f89ab02c000 r--s 00018000 08:04 529460                     /home/otrimegistro/.sbt/boot/scala-2.10.4/org.scala-sbt/sbt/0.13.5/logging-0.13.5.jar
7f89ab02c000-7f89ab02f000 r--s 00030000 08:04 529441                     /home/otrimegistro/.sbt/boot/scala-2.10.4/org.scala-sbt/sbt/0.13.5/jline-2.11.jar
7f89ab02f000-7f89ab033000 r--s 00024000 08:04 529473                     /home/otrimegistro/.sbt/boot/scala-2.10.4/org.scala-sbt/sbt/0.13.5/persist-0.13.5.jar
7f89ab033000-7f89ab03b000 r--s 0005c000 08:04 529447                     /home/otrimegistro/.sbt/boot/scala-2.10.4/org.scala-sbt/sbt/0.13.5/collections-0.13.5.jar
7f89ab03b000-7f89ab03c000 r--s 0000a000 08:04 529440                     /home/otrimegistro/.sbt/boot/scala-2.10.4/org.scala-sbt/sbt/0.13.5/tracking-0.13.5.jar
7f89ab03c000-7f89ab063000 r--s 00200000 08:04 529456                     /home/otrimegistro/.sbt/boot/scala-2.10.4/org.scala-sbt/sbt/0.13.5/main-0.13.5.jar
7f89ab063000-7f89ab067000 r--s 00034000 08:04 529443                     /home/otrimegistro/.sbt/boot/scala-2.10.4/org.scala-sbt/sbt/0.13.5/jsch-0.1.46.jar
7f89ab067000-7f89ab06f000 r--s 00057000 08:04 529451                     /home/otrimegistro/.sbt/boot/scala-2.10.4/org.scala-sbt/sbt/0.13.5/completion-0.13.5.jar
7f89ab06f000-7f89ab078000 r--s 00064000 08:04 529457                     /home/otrimegistro/.sbt/boot/scala-2.10.4/org.scala-sbt/sbt/0.13.5/actions-0.13.5.jar
7f89ab078000-7f89ab07e000 r--s 0003d000 08:04 529442                     /home/otrimegistro/.sbt/boot/scala-2.10.4/org.scala-sbt/sbt/0.13.5/io-0.13.5.jar
7f89ab07e000-7f89ab081000 r--s 00019000 08:04 529458                     /home/otrimegistro/.sbt/boot/scala-2.10.4/org.scala-sbt/sbt/0.13.5/compile-0.13.5.jar
7f89ab081000-7f89ab084000 r--s 0001d000 08:04 529436                     /home/otrimegistro/.sbt/boot/scala-2.10.4/org.scala-sbt/sbt/0.13.5/tasks-0.13.5.jar
7f89ab084000-7f89ab087000 r--s 00017000 08:04 529471                     /home/otrimegistro/.sbt/boot/scala-2.10.4/org.scala-sbt/sbt/0.13.5/testing-0.13.5.jar
7f89ab087000-7f89ab0bd000 r--s 002d9000 08:04 529445                     /home/otrimegistro/.sbt/boot/scala-2.10.4/org.scala-sbt/sbt/0.13.5/scala-reflect-2.10.4.jar
7f89ab0bd000-7f89ab0f3000 r--s 002d9000 08:04 661541                     /home/otrimegistro/.sbt/boot/scala-2.10.4/lib/scala-reflect.jar
7f89ab0f3000-7f89ab165000 r--s 0065a000 08:04 661543                     /home/otrimegistro/.sbt/boot/scala-2.10.4/lib/scala-library.jar
7f89ab165000-7f89ab262000 r--s 00cca000 08:04 661539                     /home/otrimegistro/.sbt/boot/scala-2.10.4/lib/scala-compiler.jar
7f89ab262000-7f89ab272000 r-xp 00000000 08:04 2765036                    /usr/lib/jvm/java-7-openjdk-amd64/jre/lib/amd64/libnio.so
7f89ab272000-7f89ab472000 ---p 00010000 08:04 2765036                    /usr/lib/jvm/java-7-openjdk-amd64/jre/lib/amd64/libnio.so
7f89ab472000-7f89ab473000 r--p 00010000 08:04 2765036                    /usr/lib/jvm/java-7-openjdk-amd64/jre/lib/amd64/libnio.so
7f89ab473000-7f89ab474000 rw-p 00011000 08:04 2765036                    /usr/lib/jvm/java-7-openjdk-amd64/jre/lib/amd64/libnio.so
7f89ab474000-7f89ab4b1000 r-xp 00000000 08:04 2625524                    /lib/x86_64-linux-gnu/libpcre.so.3.13.1
7f89ab4b1000-7f89ab6b0000 ---p 0003d000 08:04 2625524                    /lib/x86_64-linux-gnu/libpcre.so.3.13.1
7f89ab6b0000-7f89ab6b1000 r--p 0003c000 08:04 2625524                    /lib/x86_64-linux-gnu/libpcre.so.3.13.1
7f89ab6b1000-7f89ab6b2000 rw-p 0003d000 08:04 2625524                    /lib/x86_64-linux-gnu/libpcre.so.3.13.1
7f89ab6b2000-7f89ab6b9000 r-xp 00000000 08:04 2887861                    /usr/lib/x86_64-linux-gnu/libffi.so.6.0.1
7f89ab6b9000-7f89ab8b8000 ---p 00007000 08:04 2887861                    /usr/lib/x86_64-linux-gnu/libffi.so.6.0.1
7f89ab8b8000-7f89ab8b9000 r--p 00006000 08:04 2887861                    /usr/lib/x86_64-linux-gnu/libffi.so.6.0.1
7f89ab8b9000-7f89ab8ba000 rw-p 00007000 08:04 2887861                    /usr/lib/x86_64-linux-gnu/libffi.so.6.0.1
7f89ab8ba000-7f89ab8d1000 r-xp 00000000 08:04 2625547                    /lib/x86_64-linux-gnu/libresolv-2.19.so
7f89ab8d1000-7f89abad1000 ---p 00017000 08:04 2625547                    /lib/x86_64-linux-gnu/libresolv-2.19.so
7f89abad1000-7f89abad2000 r--p 00017000 08:04 2625547                    /lib/x86_64-linux-gnu/libresolv-2.19.so
7f89abad2000-7f89abad3000 rw-p 00018000 08:04 2625547                    /lib/x86_64-linux-gnu/libresolv-2.19.so
7f89abad3000-7f89abad5000 rw-p 00000000 00:00 0 
7f89abad5000-7f89abaf5000 r-xp 00000000 08:04 2621485                    /lib/x86_64-linux-gnu/libselinux.so.1
7f89abaf5000-7f89abcf4000 ---p 00020000 08:04 2621485                    /lib/x86_64-linux-gnu/libselinux.so.1
7f89abcf4000-7f89abcf5000 r--p 0001f000 08:04 2621485                    /lib/x86_64-linux-gnu/libselinux.so.1
7f89abcf5000-7f89abcf6000 rw-p 00020000 08:04 2621485                    /lib/x86_64-linux-gnu/libselinux.so.1
7f89abcf6000-7f89abcf8000 rw-p 00000000 00:00 0 
7f89abcf8000-7f89abdfe000 r-xp 00000000 08:04 2625458                    /lib/x86_64-linux-gnu/libglib-2.0.so.0.4000.0
7f89abdfe000-7f89abffd000 ---p 00106000 08:04 2625458                    /lib/x86_64-linux-gnu/libglib-2.0.so.0.4000.0
7f89abffd000-7f89abffe000 r--p 00105000 08:04 2625458                    /lib/x86_64-linux-gnu/libglib-2.0.so.0.4000.0
7f89abffe000-7f89abfff000 rw-p 00106000 08:04 2625458                    /lib/x86_64-linux-gnu/libglib-2.0.so.0.4000.0
7f89abfff000-7f89ac000000 rw-p 00000000 00:00 0 
7f89ac000000-7f89ac021000 rw-p 00000000 00:00 0 
7f89ac021000-7f89b0000000 ---p 00000000 00:00 0 
7f89b0000000-7f89b0974000 rw-p 00000000 00:00 0 
7f89b0974000-7f89b4000000 ---p 00000000 00:00 0 
7f89b4000000-7f89b4021000 rw-p 00000000 00:00 0 
7f89b4021000-7f89b8000000 ---p 00000000 00:00 0 
7f89b8000000-7f89b8021000 rw-p 00000000 00:00 0 
7f89b8021000-7f89bc000000 ---p 00000000 00:00 0 
7f89bc000000-7f89bca68000 rw-p 00000000 00:00 0 
7f89bca68000-7f89c0000000 ---p 00000000 00:00 0 
7f89c0000000-7f89c0021000 rw-p 00000000 00:00 0 
7f89c0021000-7f89c4000000 ---p 00000000 00:00 0 
7f89c4000000-7f89c4021000 rw-p 00000000 00:00 0 
7f89c4021000-7f89c8000000 ---p 00000000 00:00 0 
7f89c8000000-7f89c8021000 rw-p 00000000 00:00 0 
7f89c8021000-7f89cc000000 ---p 00000000 00:00 0 
7f89cc000000-7f89cc021000 rw-p 00000000 00:00 0 
7f89cc021000-7f89d0000000 ---p 00000000 00:00 0 
7f89d0000000-7f89d0021000 rw-p 00000000 00:00 0 
7f89d0021000-7f89d4000000 ---p 00000000 00:00 0 
7f89d4000000-7f89d4001000 r--s 00005000 08:04 529444                     /home/otrimegistro/.sbt/boot/scala-2.10.4/org.scala-sbt/sbt/0.13.5/sbt-0.13.5.jar
7f89d4001000-7f89d4003000 r--s 00002000 08:04 529437                     /home/otrimegistro/.sbt/boot/scala-2.10.4/org.scala-sbt/sbt/0.13.5/control-0.13.5.jar
7f89d4003000-7f89d4005000 r--s 00014000 08:04 529449                     /home/otrimegistro/.sbt/boot/scala-2.10.4/org.scala-sbt/sbt/0.13.5/apply-macro-0.13.5.jar
7f89d4005000-7f89d401a000 r--s 00116000 08:04 529466                     /home/otrimegistro/.sbt/boot/scala-2.10.4/org.scala-sbt/sbt/0.13.5/ivy-2.3.0.jar
7f89d401a000-7f89d401d000 r--s 0001e000 08:04 529469                     /home/otrimegistro/.sbt/boot/scala-2.10.4/org.scala-sbt/sbt/0.13.5/run-0.13.5.jar
7f89d401d000-7f89d4020000 r--s 0000e000 08:04 529454                     /home/otrimegistro/.sbt/boot/scala-2.10.4/org.scala-sbt/sbt/0.13.5/compiler-integration-0.13.5.jar
7f89d4020000-7f89d4023000 r-xp 00000000 08:04 2887945                    /usr/lib/x86_64-linux-gnu/libgmodule-2.0.so.0.4000.0
7f89d4023000-7f89d4222000 ---p 00003000 08:04 2887945                    /usr/lib/x86_64-linux-gnu/libgmodule-2.0.so.0.4000.0
7f89d4222000-7f89d4223000 r--p 00002000 08:04 2887945                    /usr/lib/x86_64-linux-gnu/libgmodule-2.0.so.0.4000.0
7f89d4223000-7f89d4224000 rw-p 00003000 08:04 2887945                    /usr/lib/x86_64-linux-gnu/libgmodule-2.0.so.0.4000.0
7f89d4224000-7f89d4273000 r-xp 00000000 08:04 2887959                    /usr/lib/x86_64-linux-gnu/libgobject-2.0.so.0.4000.0
7f89d4273000-7f89d4473000 ---p 0004f000 08:04 2887959                    /usr/lib/x86_64-linux-gnu/libgobject-2.0.so.0.4000.0
7f89d4473000-7f89d4474000 r--p 0004f000 08:04 2887959                    /usr/lib/x86_64-linux-gnu/libgobject-2.0.so.0.4000.0
7f89d4474000-7f89d4475000 rw-p 00050000 08:04 2887959                    /usr/lib/x86_64-linux-gnu/libgobject-2.0.so.0.4000.0
7f89d4475000-7f89d45e0000 r-xp 00000000 08:04 2887931                    /usr/lib/x86_64-linux-gnu/libgio-2.0.so.0.4000.0
7f89d45e0000-7f89d47e0000 ---p 0016b000 08:04 2887931                    /usr/lib/x86_64-linux-gnu/libgio-2.0.so.0.4000.0
7f89d47e0000-7f89d47e4000 r--p 0016b000 08:04 2887931                    /usr/lib/x86_64-linux-gnu/libgio-2.0.so.0.4000.0
7f89d47e4000-7f89d47e6000 rw-p 0016f000 08:04 2887931                    /usr/lib/x86_64-linux-gnu/libgio-2.0.so.0.4000.0
7f89d47e6000-7f89d47e8000 rw-p 00000000 00:00 0 
7f89d47e8000-7f89d47fe000 r-xp 00000000 08:04 2765027                    /usr/lib/jvm/java-7-openjdk-amd64/jre/lib/amd64/libnet.so
7f89d47fe000-7f89d49fe000 ---p 00016000 08:04 2765027                    /usr/lib/jvm/java-7-openjdk-amd64/jre/lib/amd64/libnet.so
7f89d49fe000-7f89d49ff000 r--p 00016000 08:04 2765027                    /usr/lib/jvm/java-7-openjdk-amd64/jre/lib/amd64/libnet.so
7f89d49ff000-7f89d4a00000 rw-p 00017000 08:04 2765027                    /usr/lib/jvm/java-7-openjdk-amd64/jre/lib/amd64/libnet.so
7f89d4a00000-7f89d4a01000 ---p 00000000 00:00 0 
7f89d4a01000-7f89d4b01000 rw-p 00000000 00:00 0                          [stack:3070]
7f89d4b01000-7f89d4b04000 ---p 00000000 00:00 0 
7f89d4b04000-7f89d4c02000 rw-p 00000000 00:00 0                          [stack:3069]
7f89d4c02000-7f89d4c05000 ---p 00000000 00:00 0 
7f89d4c05000-7f89d4d03000 rw-p 00000000 00:00 0                          [stack:3068]
7f89d4d03000-7f89d4d06000 ---p 00000000 00:00 0 
7f89d4d06000-7f89d4e04000 rw-p 00000000 00:00 0                          [stack:3067]
7f89d4e04000-7f89d4e07000 ---p 00000000 00:00 0 
7f89d4e07000-7f89d4f05000 rw-p 00000000 00:00 0                          [stack:3066]
7f89d4f05000-7f89d56fb000 r--p 00000000 08:04 2884613                    /usr/lib/locale/locale-archive
7f89d56fb000-7f89d56fe000 ---p 00000000 00:00 0 
7f89d56fe000-7f89d8000000 rw-p 00000000 00:00 0                          [stack:3065]
7f89d8000000-7f89d82c0000 rwxp 00000000 00:00 0 
7f89d82c0000-7f89e0ecf000 rw-p 00000000 00:00 0 
7f89e0ecf000-7f89e4000000 ---p 00000000 00:00 0 
7f89e4000000-7f89e4002000 r--s 00006000 08:04 529453                     /home/otrimegistro/.sbt/boot/scala-2.10.4/org.scala-sbt/sbt/0.13.5/relation-0.13.5.jar
7f89e4002000-7f89e4004000 r--s 0000e000 08:04 529474                     /home/otrimegistro/.sbt/boot/scala-2.10.4/org.scala-sbt/sbt/0.13.5/logic-0.13.5.jar
7f89e4004000-7f89e4007000 r--s 00013000 08:04 529470                     /home/otrimegistro/.sbt/boot/scala-2.10.4/org.scala-sbt/sbt/0.13.5/classpath-0.13.5.jar
7f89e4007000-7f89e4011000 r--s 00090000 08:04 529463                     /home/otrimegistro/.sbt/boot/scala-2.10.4/org.scala-sbt/sbt/0.13.5/main-settings-0.13.5.jar
7f89e4011000-7f89e401c000 r--s 000a3000 08:04 529464                     /home/otrimegistro/.sbt/boot/scala-2.10.4/org.scala-sbt/sbt/0.13.5/ivy-0.13.5.jar
7f89e401c000-7f89e4024000 r--s 0005e000 08:04 529465                     /home/otrimegistro/.sbt/boot/scala-2.10.4/org.scala-sbt/sbt/0.13.5/incremental-compiler-0.13.5.jar
7f89e4024000-7f89e402b000 r--s 00049000 08:04 529452                     /home/otrimegistro/.sbt/boot/scala-2.10.4/org.scala-sbt/sbt/0.13.5/api-0.13.5.jar
7f89e402b000-7f89e402e000 ---p 00000000 00:00 0 
7f89e402e000-7f89e412c000 rw-p 00000000 00:00 0                          [stack:3064]
7f89e412c000-7f89e412d000 ---p 00000000 00:00 0 
7f89e412d000-7f89e4b7f000 rw-p 00000000 00:00 0                          [stack:3063]
7f89e4b7f000-7f89e4d2d000 r--s 01cfc000 08:04 2764974                    /usr/lib/jvm/java-7-openjdk-amd64/jre/lib/rt.jar
7f89e4d2d000-7f89e507f000 rw-p 00000000 00:00 0 
7f89e507f000-7f89e5080000 ---p 00000000 00:00 0 
7f89e5080000-7f89e5180000 rw-p 00000000 00:00 0                          [stack:3062]
7f89e5180000-7f89e5181000 ---p 00000000 00:00 0 
7f89e5181000-7f89e53ef000 rw-p 00000000 00:00 0                          [stack:3061]
7f89e53ef000-7f89e5457000 rw-p 00000000 00:00 0 
7f89e5457000-7f89e5663000 rw-p 00000000 00:00 0 
7f89e5663000-7f89e5858000 rw-p 00000000 00:00 0 
7f89e5858000-7f89e5860000 r-xp 00000000 08:04 2765022                    /usr/lib/jvm/java-7-openjdk-amd64/jre/lib/amd64/libzip.so
7f89e5860000-7f89e5a5f000 ---p 00008000 08:04 2765022                    /usr/lib/jvm/java-7-openjdk-amd64/jre/lib/amd64/libzip.so
7f89e5a5f000-7f89e5a60000 r--p 00007000 08:04 2765022                    /usr/lib/jvm/java-7-openjdk-amd64/jre/lib/amd64/libzip.so
7f89e5a60000-7f89e5a61000 rw-p 00008000 08:04 2765022                    /usr/lib/jvm/java-7-openjdk-amd64/jre/lib/amd64/libzip.so
7f89e5a61000-7f89e5a6c000 r-xp 00000000 08:04 2625502                    /lib/x86_64-linux-gnu/libnss_files-2.19.so
7f89e5a6c000-7f89e5c6b000 ---p 0000b000 08:04 2625502                    /lib/x86_64-linux-gnu/libnss_files-2.19.so
7f89e5c6b000-7f89e5c6c000 r--p 0000a000 08:04 2625502                    /lib/x86_64-linux-gnu/libnss_files-2.19.so
7f89e5c6c000-7f89e5c6d000 rw-p 0000b000 08:04 2625502                    /lib/x86_64-linux-gnu/libnss_files-2.19.so
7f89e5c6d000-7f89e5c78000 r-xp 00000000 08:04 2625506                    /lib/x86_64-linux-gnu/libnss_nis-2.19.so
7f89e5c78000-7f89e5e77000 ---p 0000b000 08:04 2625506                    /lib/x86_64-linux-gnu/libnss_nis-2.19.so
7f89e5e77000-7f89e5e78000 r--p 0000a000 08:04 2625506                    /lib/x86_64-linux-gnu/libnss_nis-2.19.so
7f89e5e78000-7f89e5e79000 rw-p 0000b000 08:04 2625506                    /lib/x86_64-linux-gnu/libnss_nis-2.19.so
7f89e5e79000-7f89e5e90000 r-xp 00000000 08:04 2625496                    /lib/x86_64-linux-gnu/libnsl-2.19.so
7f89e5e90000-7f89e608f000 ---p 00017000 08:04 2625496                    /lib/x86_64-linux-gnu/libnsl-2.19.so
7f89e608f000-7f89e6090000 r--p 00016000 08:04 2625496                    /lib/x86_64-linux-gnu/libnsl-2.19.so
7f89e6090000-7f89e6091000 rw-p 00017000 08:04 2625496                    /lib/x86_64-linux-gnu/libnsl-2.19.so
7f89e6091000-7f89e6093000 rw-p 00000000 00:00 0 
7f89e6093000-7f89e609c000 r-xp 00000000 08:04 2625498                    /lib/x86_64-linux-gnu/libnss_compat-2.19.so
7f89e609c000-7f89e629b000 ---p 00009000 08:04 2625498                    /lib/x86_64-linux-gnu/libnss_compat-2.19.so
7f89e629b000-7f89e629c000 r--p 00008000 08:04 2625498                    /lib/x86_64-linux-gnu/libnss_compat-2.19.so
7f89e629c000-7f89e629d000 rw-p 00009000 08:04 2625498                    /lib/x86_64-linux-gnu/libnss_compat-2.19.so
7f89e629d000-7f89e62c8000 r-xp 00000000 08:04 2765018                    /usr/lib/jvm/java-7-openjdk-amd64/jre/lib/amd64/libjava.so
7f89e62c8000-7f89e64c7000 ---p 0002b000 08:04 2765018                    /usr/lib/jvm/java-7-openjdk-amd64/jre/lib/amd64/libjava.so
7f89e64c7000-7f89e64c8000 r--p 0002a000 08:04 2765018                    /usr/lib/jvm/java-7-openjdk-amd64/jre/lib/amd64/libjava.so
7f89e64c8000-7f89e64ca000 rw-p 0002b000 08:04 2765018                    /usr/lib/jvm/java-7-openjdk-amd64/jre/lib/amd64/libjava.so
7f89e64ca000-7f89e64da000 r-xp 00000000 08:04 2765051                    /usr/lib/jvm/java-7-openjdk-amd64/jre/lib/amd64/libverify.so
7f89e64da000-7f89e66d9000 ---p 00010000 08:04 2765051                    /usr/lib/jvm/java-7-openjdk-amd64/jre/lib/amd64/libverify.so
7f89e66d9000-7f89e66db000 r--p 0000f000 08:04 2765051                    /usr/lib/jvm/java-7-openjdk-amd64/jre/lib/amd64/libverify.so
7f89e66db000-7f89e66dc000 rw-p 00011000 08:04 2765051                    /usr/lib/jvm/java-7-openjdk-amd64/jre/lib/amd64/libverify.so
7f89e66dc000-7f89e66e3000 r-xp 00000000 08:04 2625549                    /lib/x86_64-linux-gnu/librt-2.19.so
7f89e66e3000-7f89e68e2000 ---p 00007000 08:04 2625549                    /lib/x86_64-linux-gnu/librt-2.19.so
7f89e68e2000-7f89e68e3000 r--p 00006000 08:04 2625549                    /lib/x86_64-linux-gnu/librt-2.19.so
7f89e68e3000-7f89e68e4000 rw-p 00007000 08:04 2625549                    /lib/x86_64-linux-gnu/librt-2.19.so
7f89e68e4000-7f89e68fa000 r-xp 00000000 08:04 2625454                    /lib/x86_64-linux-gnu/libgcc_s.so.1
7f89e68fa000-7f89e6af9000 ---p 00016000 08:04 2625454                    /lib/x86_64-linux-gnu/libgcc_s.so.1
7f89e6af9000-7f89e6afa000 rw-p 00015000 08:04 2625454                    /lib/x86_64-linux-gnu/libgcc_s.so.1
7f89e6afa000-7f89e6bff000 r-xp 00000000 08:04 2625477                    /lib/x86_64-linux-gnu/libm-2.19.so
7f89e6bff000-7f89e6dfe000 ---p 00105000 08:04 2625477                    /lib/x86_64-linux-gnu/libm-2.19.so
7f89e6dfe000-7f89e6dff000 r--p 00104000 08:04 2625477                    /lib/x86_64-linux-gnu/libm-2.19.so
7f89e6dff000-7f89e6e00000 rw-p 00105000 08:04 2625477                    /lib/x86_64-linux-gnu/libm-2.19.so
7f89e6e00000-7f89e6ee6000 r-xp 00000000 08:04 2888393                    /usr/lib/x86_64-linux-gnu/libstdc++.so.6.0.19
7f89e6ee6000-7f89e70e5000 ---p 000e6000 08:04 2888393                    /usr/lib/x86_64-linux-gnu/libstdc++.so.6.0.19
7f89e70e5000-7f89e70ed000 r--p 000e5000 08:04 2888393                    /usr/lib/x86_64-linux-gnu/libstdc++.so.6.0.19
7f89e70ed000-7f89e70ef000 rw-p 000ed000 08:04 2888393                    /usr/lib/x86_64-linux-gnu/libstdc++.so.6.0.19
7f89e70ef000-7f89e7104000 rw-p 00000000 00:00 0 
7f89e7104000-7f89e7be5000 r-xp 00000000 08:04 2765033                    /usr/lib/jvm/java-7-openjdk-amd64/jre/lib/amd64/server/libjvm.so
7f89e7be5000-7f89e7de4000 ---p 00ae1000 08:04 2765033                    /usr/lib/jvm/java-7-openjdk-amd64/jre/lib/amd64/server/libjvm.so
7f89e7de4000-7f89e7e76000 r--p 00ae0000 08:04 2765033                    /usr/lib/jvm/java-7-openjdk-amd64/jre/lib/amd64/server/libjvm.so
7f89e7e76000-7f89e7e99000 rw-p 00b72000 08:04 2765033                    /usr/lib/jvm/java-7-openjdk-amd64/jre/lib/amd64/server/libjvm.so
7f89e7e99000-7f89e7ec6000 rw-p 00000000 00:00 0 
7f89e7ec6000-7f89e7ede000 r-xp 00000000 08:04 2625581                    /lib/x86_64-linux-gnu/libz.so.1.2.8
7f89e7ede000-7f89e80dd000 ---p 00018000 08:04 2625581                    /lib/x86_64-linux-gnu/libz.so.1.2.8
7f89e80dd000-7f89e80de000 r--p 00017000 08:04 2625581                    /lib/x86_64-linux-gnu/libz.so.1.2.8
7f89e80de000-7f89e80df000 rw-p 00018000 08:04 2625581                    /lib/x86_64-linux-gnu/libz.so.1.2.8
7f89e80df000-7f89e80f8000 r-xp 00000000 08:04 2625541                    /lib/x86_64-linux-gnu/libpthread-2.19.so
7f89e80f8000-7f89e82f7000 ---p 00019000 08:04 2625541                    /lib/x86_64-linux-gnu/libpthread-2.19.so
7f89e82f7000-7f89e82f8000 r--p 00018000 08:04 2625541                    /lib/x86_64-linux-gnu/libpthread-2.19.so
7f89e82f8000-7f89e82f9000 rw-p 00019000 08:04 2625541                    /lib/x86_64-linux-gnu/libpthread-2.19.so
7f89e82f9000-7f89e82fd000 rw-p 00000000 00:00 0 
7f89e82fd000-7f89e8300000 r-xp 00000000 08:04 2625444                    /lib/x86_64-linux-gnu/libdl-2.19.so
7f89e8300000-7f89e84ff000 ---p 00003000 08:04 2625444                    /lib/x86_64-linux-gnu/libdl-2.19.so
7f89e84ff000-7f89e8500000 r--p 00002000 08:04 2625444                    /lib/x86_64-linux-gnu/libdl-2.19.so
7f89e8500000-7f89e8501000 rw-p 00003000 08:04 2625444                    /lib/x86_64-linux-gnu/libdl-2.19.so
7f89e8501000-7f89e86bd000 r-xp 00000000 08:04 2625427                    /lib/x86_64-linux-gnu/libc-2.19.so
7f89e86bd000-7f89e88bc000 ---p 001bc000 08:04 2625427                    /lib/x86_64-linux-gnu/libc-2.19.so
7f89e88bc000-7f89e88c0000 r--p 001bb000 08:04 2625427                    /lib/x86_64-linux-gnu/libc-2.19.so
7f89e88c0000-7f89e88c2000 rw-p 001bf000 08:04 2625427                    /lib/x86_64-linux-gnu/libc-2.19.so
7f89e88c2000-7f89e88c7000 rw-p 00000000 00:00 0 
7f89e88c7000-7f89e88d4000 r-xp 00000000 08:04 2765044                    /usr/lib/jvm/java-7-openjdk-amd64/jre/lib/amd64/jli/libjli.so
7f89e88d4000-7f89e8ad3000 ---p 0000d000 08:04 2765044                    /usr/lib/jvm/java-7-openjdk-amd64/jre/lib/amd64/jli/libjli.so
7f89e8ad3000-7f89e8ad4000 r--p 0000c000 08:04 2765044                    /usr/lib/jvm/java-7-openjdk-amd64/jre/lib/amd64/jli/libjli.so
7f89e8ad4000-7f89e8ad5000 rw-p 0000d000 08:04 2765044                    /usr/lib/jvm/java-7-openjdk-amd64/jre/lib/amd64/jli/libjli.so
7f89e8ad5000-7f89e8af8000 r-xp 00000000 08:04 2625403                    /lib/x86_64-linux-gnu/ld-2.19.so
7f89e8af8000-7f89e8afa000 r--s 00001000 08:04 529450                     /home/otrimegistro/.sbt/boot/scala-2.10.4/org.scala-sbt/sbt/0.13.5/cross-0.13.5.jar
7f89e8afa000-7f89e8afd000 r--s 0001d000 08:04 529435                     /home/otrimegistro/.sbt/boot/scala-2.10.4/org.scala-sbt/sbt/0.13.5/task-system-0.13.5.jar
7f89e8afd000-7f89e8aff000 r--s 00001000 08:04 529446                     /home/otrimegistro/.sbt/boot/scala-2.10.4/org.scala-sbt/sbt/0.13.5/compiler-ivy-integration-0.13.5.jar
7f89e8aff000-7f89e8b03000 r--s 0001b000 08:04 529448                     /home/otrimegistro/.sbt/boot/scala-2.10.4/org.scala-sbt/sbt/0.13.5/process-0.13.5.jar
7f89e8b03000-7f89e8b08000 r--s 00036000 08:04 529472                     /home/otrimegistro/.sbt/boot/scala-2.10.4/org.scala-sbt/sbt/0.13.5/command-0.13.5.jar
7f89e8b08000-7f89e8b0b000 r--s 00012000 08:04 529434                     /home/otrimegistro/.sbt/boot/scala-2.10.4/org.scala-sbt/sbt/0.13.5/classfile-0.13.5.jar
7f89e8b0b000-7f89e8b0f000 r--s 00022000 08:04 529439                     /home/otrimegistro/.sbt/boot/scala-2.10.4/org.scala-sbt/sbt/0.13.5/sbinary_2.10-0.4.2.jar
7f89e8b0f000-7f89e8b11000 r--s 00002000 08:04 529438                     /home/otrimegistro/.sbt/boot/scala-2.10.4/org.scala-sbt/sbt/0.13.5/test-interface-1.0.jar
7f89e8b11000-7f89e8b13000 r--s 00001000 08:04 529459                     /home/otrimegistro/.sbt/boot/scala-2.10.4/org.scala-sbt/sbt/0.13.5/launcher-interface-0.13.5.jar
7f89e8b13000-7f89e8b16000 r--s 0001a000 08:04 529455                     /home/otrimegistro/.sbt/boot/scala-2.10.4/org.scala-sbt/sbt/0.13.5/cache-0.13.5.jar
7f89e8b16000-7f89e8b19000 r--s 00018000 08:04 661540                     /home/otrimegistro/.sbt/boot/scala-2.10.4/lib/jansi.jar
7f89e8b19000-7f89e8b1d000 r--s 00025000 08:04 661542                     /home/otrimegistro/.sbt/boot/scala-2.10.4/lib/jline.jar
7f89e8b1d000-7f89e8b37000 r--s 00107000 08:04 266073                     /home/otrimegistro/.sbt/bin/sbt-launch.jar
7f89e8b37000-7f89e8b3b000 r--s 0003b000 08:04 2764982                    /usr/lib/jvm/java-7-openjdk-amd64/jre/lib/ext/sunpkcs11.jar
7f89e8b3b000-7f89e8b6d000 rw-p 00000000 00:00 0 
7f89e8b6d000-7f89e8bd5000 rw-p 00000000 00:00 0 
7f89e8bd5000-7f89e8bd8000 ---p 00000000 00:00 0 
7f89e8bd8000-7f89e8cdb000 rw-p 00000000 00:00 0                          [stack:3060]
7f89e8cdb000-7f89e8cdc000 r--s 00005000 08:04 529431                     /home/otrimegistro/.sbt/boot/scala-2.10.4/org.scala-sbt/sbt/0.13.5/test-agent-0.13.5.jar
7f89e8cdc000-7f89e8cde000 r--s 00012000 08:04 2764979                    /usr/lib/jvm/java-7-openjdk-amd64/jre/lib/ext/zipfs.jar
7f89e8cde000-7f89e8ce2000 r--s 00085000 08:04 2764981                    /usr/lib/jvm/java-7-openjdk-amd64/jre/lib/ext/localedata.jar
7f89e8ce2000-7f89e8ce5000 r--s 00032000 08:04 2764980                    /usr/lib/jvm/java-7-openjdk-amd64/jre/lib/ext/sunjce_provider.jar
7f89e8ce5000-7f89e8ce6000 r--s 00002000 08:04 2764983                    /usr/lib/jvm/java-7-openjdk-amd64/jre/lib/ext/dnsns.jar
7f89e8ce6000-7f89e8ce8000 r--s 00006000 08:04 3028027                    /usr/share/java/java-atk-wrapper.jar
7f89e8ce8000-7f89e8ceb000 r--s 0000f000 08:04 2764978                    /usr/lib/jvm/java-7-openjdk-amd64/jre/lib/ext/pulse-java.jar
7f89e8ceb000-7f89e8cf3000 rw-s 00000000 08:04 4196164                    /tmp/hsperfdata_otrimegistro/3059
7f89e8cf3000-7f89e8cf4000 rw-p 00000000 00:00 0 
7f89e8cf4000-7f89e8cf5000 r--p 00000000 00:00 0 
7f89e8cf5000-7f89e8cf7000 rw-p 00000000 00:00 0 
7f89e8cf7000-7f89e8cf8000 r--p 00022000 08:04 2625403                    /lib/x86_64-linux-gnu/ld-2.19.so
7f89e8cf8000-7f89e8cf9000 rw-p 00023000 08:04 2625403                    /lib/x86_64-linux-gnu/ld-2.19.so
7f89e8cf9000-7f89e8cfa000 rw-p 00000000 00:00 0 
7fff810aa000-7fff810cb000 rw-p 00000000 00:00 0                          [stack]
7fff811fe000-7fff81200000 r-xp 00000000 00:00 0                          [vdso]
ffffffffff600000-ffffffffff601000 r-xp 00000000 00:00 0                  [vsyscall]

VM Arguments:
jvm_args: -Xms1024m -Xmx1024m -XX:ReservedCodeCacheSize=128m -XX:MaxPermSize=256m 
java_command: /home/otrimegistro/.sbt/bin/sbt-launch.jar console
Launcher Type: SUN_STANDARD

Environment Variables:
PATH=/home/otrimegistro/.rvm/gems/ruby-2.1.2/bin:/home/otrimegistro/.rvm/gems/ruby-2.1.2@global/bin:/home/otrimegistro/.rvm/rubies/ruby-2.1.2/bin:/usr/local/sbin:/usr/local/bin:/usr/sbin:/usr/bin:/sbin:/bin:/usr/games:/usr/local/games:/home/otrimegistro/.rvm/bin:/home/otrimegistro/.sbt/bin:/home/otrimegistro/.rvm/bin
SHELL=/bin/bash
DISPLAY=:0

Signal Handlers:
SIGSEGV: [libjvm.so+0x918620], sa_mask[0]=0x7ffbfeff, sa_flags=0x10000004
SIGBUS: [libjvm.so+0x918620], sa_mask[0]=0x7ffbfeff, sa_flags=0x10000004
SIGFPE: [libjvm.so+0x795e30], sa_mask[0]=0x7ffbfeff, sa_flags=0x10000004
SIGPIPE: [libjvm.so+0x795e30], sa_mask[0]=0x7ffbfeff, sa_flags=0x10000004
SIGXFSZ: [libjvm.so+0x795e30], sa_mask[0]=0x7ffbfeff, sa_flags=0x10000004
SIGILL: [libjvm.so+0x795e30], sa_mask[0]=0x7ffbfeff, sa_flags=0x10000004
SIGUSR1: SIG_DFL, sa_mask[0]=0x00000000, sa_flags=0x00000000
SIGUSR2: [libjvm.so+0x795cd0], sa_mask[0]=0x00000000, sa_flags=0x10000004
SIGHUP: [libjvm.so+0x795eb0], sa_mask[0]=0x7ffbfeff, sa_flags=0x10000004
SIGINT: [libjvm.so+0x795eb0], sa_mask[0]=0x7ffbfeff, sa_flags=0x10000004
SIGTERM: [libjvm.so+0x795eb0], sa_mask[0]=0x7ffbfeff, sa_flags=0x10000004
SIGQUIT: [libjvm.so+0x795eb0], sa_mask[0]=0x7ffbfeff, sa_flags=0x10000004


---------------  S Y S T E M  ---------------

OS:Ubuntu 14.04 (trusty)
uname:Linux 3.13.0-32-generic #57-Ubuntu SMP Tue Jul 15 03:51:08 UTC 2014 x86_64
libc:glibc 2.19 NPTL 2.19 
rlimit: STACK 8192k, CORE 0k, NPROC 28023, NOFILE 4096, AS infinity
load average:2,60 1,84 0,98

/proc/meminfo:
MemTotal:        3608536 kB
MemFree:         1919808 kB
Buffers:           78488 kB
Cached:           527084 kB
SwapCached:            0 kB
Active:          1152152 kB
Inactive:         401416 kB
Active(anon):     949028 kB
Inactive(anon):    15400 kB
Active(file):     203124 kB
Inactive(file):   386016 kB
Unevictable:           0 kB
Mlocked:               0 kB
SwapTotal:       3437496 kB
SwapFree:        3437496 kB
Dirty:               244 kB
Writeback:             0 kB
AnonPages:        947924 kB
Mapped:           147220 kB
Shmem:             16436 kB
Slab:              52660 kB
SReclaimable:      30308 kB
SUnreclaim:        22352 kB
KernelStack:        3624 kB
PageTables:        21596 kB
NFS_Unstable:          0 kB
Bounce:                0 kB
WritebackTmp:          0 kB
CommitLimit:     5241764 kB
Committed_AS:    6564056 kB
VmallocTotal:   34359738367 kB
VmallocUsed:       92288 kB
VmallocChunk:   34359638088 kB
HardwareCorrupted:     0 kB
AnonHugePages:    458752 kB
HugePages_Total:       0
HugePages_Free:        0
HugePages_Rsvd:        0
HugePages_Surp:        0
Hugepagesize:       2048 kB
DirectMap4k:       47868 kB
DirectMap2M:     1603584 kB
DirectMap1G:     2097152 kB


CPU:total 2 (2 cores per cpu, 1 threads per core) family 20 model 2 stepping 0, cmov, cx8, fxsr, mmx, sse, sse2, sse3, ssse3, popcnt, mmxext, lzcnt, sse4a, tsc, tscinvbit, tscinv

/proc/cpuinfo:
processor	: 0
vendor_id	: AuthenticAMD
cpu family	: 20
model		: 2
model name	: AMD E-300 APU with Radeon(tm) HD Graphics
stepping	: 0
microcode	: 0x500010d
cpu MHz		: 1300.000
cache size	: 512 KB
physical id	: 0
siblings	: 2
core id		: 0
cpu cores	: 2
apicid		: 0
initial apicid	: 0
fpu		: yes
fpu_exception	: yes
cpuid level	: 6
wp		: yes
flags		: fpu vme de pse tsc msr pae mce cx8 apic sep mtrr pge mca cmov pat pse36 clflush mmx fxsr sse sse2 ht syscall nx mmxext fxsr_opt pdpe1gb rdtscp lm constant_tsc rep_good nopl nonstop_tsc extd_apicid aperfmperf pni monitor ssse3 cx16 popcnt lahf_lm cmp_legacy svm extapic cr8_legacy abm sse4a misalignsse 3dnowprefetch ibs skinit wdt arat hw_pstate npt lbrv svm_lock nrip_save pausefilter
bogomips	: 2595.24
TLB size	: 1024 4K pages
clflush size	: 64
cache_alignment	: 64
address sizes	: 36 bits physical, 48 bits virtual
power management: ts ttp tm stc 100mhzsteps hwpstate

processor	: 1
vendor_id	: AuthenticAMD
cpu family	: 20
model		: 2
model name	: AMD E-300 APU with Radeon(tm) HD Graphics
stepping	: 0
microcode	: 0x500010d
cpu MHz		: 1300.000
cache size	: 512 KB
physical id	: 0
siblings	: 2
core id		: 1
cpu cores	: 2
apicid		: 1
initial apicid	: 1
fpu		: yes
fpu_exception	: yes
cpuid level	: 6
wp		: yes
flags		: fpu vme de pse tsc msr pae mce cx8 apic sep mtrr pge mca cmov pat pse36 clflush mmx fxsr sse sse2 ht syscall nx mmxext fxsr_opt pdpe1gb rdtscp lm constant_tsc rep_good nopl nonstop_tsc extd_apicid aperfmperf pni monitor ssse3 cx16 popcnt lahf_lm cmp_legacy svm extapic cr8_legacy abm sse4a misalignsse 3dnowprefetch ibs skinit wdt arat hw_pstate npt lbrv svm_lock nrip_save pausefilter
bogomips	: 2595.24
TLB size	: 1024 4K pages
clflush size	: 64
cache_alignment	: 64
address sizes	: 36 bits physical, 48 bits virtual
power management: ts ttp tm stc 100mhzsteps hwpstate



Memory: 4k page, physical 3608536k(1919808k free), swap 3437496k(3437496k free)

vm_info: OpenJDK 64-Bit Server VM (24.51-b03) for linux-amd64 JRE (1.7.0_55-b14), built on Apr 17 2014 20:08:07 by "buildd" with gcc 4.8.2

time: Wed Jul 30 11:20:03 2014
elapsed time: 62 seconds

